 --- Patch: 0002-Fix-runtime-error-with-uClibc.patch --- 
patching file src/glsl/nir/nir_constant_expressions.c
Hunk #1 succeeded at 37 (offset -11 lines).
 --- done --- 

 --- Patch: mesa-11.0.2-add_xdemos-1.patch --- 
patching file xdemos/glinfo_common.c
patching file xdemos/glinfo_common.h
patching file xdemos/glxgears.1
patching file xdemos/glxgears.c
patching file xdemos/glxinfo.1
patching file xdemos/glxinfo.c
patching file xdemos/Makefile
 --- done --- 

checking build system type... x86_64-cross-linux-gnu
checking host system type... armv7a-unknown-linux-uclibceabi
checking target system type... armv7a-unknown-linux-uclibceabi
checking for a BSD-compatible install... /usr/bin/ginstall -c
checking whether build environment is sane... yes
checking for armv7a-unknown-linux-uclibceabi-strip... armv7a-unknown-linux-uclibceabi-strip
checking for a thread-safe mkdir -p... /usr/bin/mkdir -p
checking for gawk... gawk
checking whether make sets $(MAKE)... yes
checking whether make supports nested variables... yes
checking whether UID '1002' is supported by ustar format... yes
checking whether GID '1000' is supported by ustar format... yes
checking how to create a ustar tar archive... gnutar
checking whether make supports nested variables... (cached) yes
checking for style of include used by make... GNU
checking for armv7a-unknown-linux-uclibceabi-gcc... armv7a-unknown-linux-uclibceabi-gcc 
checking whether the C compiler works... yes
checking for C compiler default output file name... a.out
checking for suffix of executables... 
checking whether we are cross compiling... yes
checking for suffix of object files... o
checking whether we are using the GNU C compiler... yes
checking whether armv7a-unknown-linux-uclibceabi-gcc  accepts -g... yes
checking for armv7a-unknown-linux-uclibceabi-gcc  option to accept ISO C89... none needed
checking whether armv7a-unknown-linux-uclibceabi-gcc  understands -c and -o together... yes
checking dependency style of armv7a-unknown-linux-uclibceabi-gcc ... gcc3
checking for armv7a-unknown-linux-uclibceabi-ar... armv7a-unknown-linux-uclibceabi-ar
checking the archiver (armv7a-unknown-linux-uclibceabi-ar) interface... ar
checking how to run the C preprocessor... armv7a-unknown-linux-uclibceabi-gcc  -E
checking for armv7a-unknown-linux-uclibceabi-gcc... (cached) armv7a-unknown-linux-uclibceabi-gcc 
checking whether we are using the GNU C compiler... (cached) yes
checking whether armv7a-unknown-linux-uclibceabi-gcc  accepts -g... (cached) yes
checking for armv7a-unknown-linux-uclibceabi-gcc  option to accept ISO C89... (cached) none needed
checking whether armv7a-unknown-linux-uclibceabi-gcc  understands -c and -o together... (cached) yes
checking dependency style of armv7a-unknown-linux-uclibceabi-gcc ... (cached) gcc3
checking whether we are using the GNU C++ compiler... yes
checking whether armv7a-unknown-linux-uclibceabi-g++  accepts -g... yes
checking dependency style of armv7a-unknown-linux-uclibceabi-g++ ... gcc3
checking dependency style of armv7a-unknown-linux-uclibceabi-gcc ... gcc3
checking for GNU make... make
checking for python2... python2
checking for a sed that does not truncate output... /usr/bin/sed
checking for special C compiler options needed for large files... no
checking for _FILE_OFFSET_BITS value needed for large files... 64
checking how to print strings... printf
checking for a sed that does not truncate output... (cached) /usr/bin/sed
checking for grep that handles long lines and -e... /usr/bin/grep
checking for egrep... /usr/bin/grep -E
checking for fgrep... /usr/bin/grep -F
checking for ld used by armv7a-unknown-linux-uclibceabi-gcc ... armv7a-unknown-linux-uclibceabi-ld
checking if the linker (armv7a-unknown-linux-uclibceabi-ld) is GNU ld... yes
checking for BSD- or MS-compatible name lister (nm)... /home/devel/uclibc-dev/cross-tools.arm/bin/armv7a-unknown-linux-uclibceabi-nm -B
checking the name lister (/home/devel/uclibc-dev/cross-tools.arm/bin/armv7a-unknown-linux-uclibceabi-nm -B) interface... BSD nm
checking whether ln -s works... yes
checking the maximum length of command line arguments... 1572864
checking how to convert x86_64-cross-linux-gnu file names to armv7a-unknown-linux-uclibceabi format... func_convert_file_noop
checking how to convert x86_64-cross-linux-gnu file names to toolchain format... func_convert_file_noop
checking for armv7a-unknown-linux-uclibceabi-ld option to reload object files... -r
checking for armv7a-unknown-linux-uclibceabi-objdump... armv7a-unknown-linux-uclibceabi-objdump
checking how to recognize dependent libraries... pass_all
checking for armv7a-unknown-linux-uclibceabi-dlltool... no
checking for dlltool... dlltool
configure: WARNING: using cross tools not prefixed with host triplet
checking how to associate runtime and link libraries... printf %s\n
checking for armv7a-unknown-linux-uclibceabi-ar... (cached) armv7a-unknown-linux-uclibceabi-ar
checking for archiver @FILE support... @
checking for armv7a-unknown-linux-uclibceabi-strip... (cached) armv7a-unknown-linux-uclibceabi-strip
checking for armv7a-unknown-linux-uclibceabi-ranlib... armv7a-unknown-linux-uclibceabi-ranlib
checking command to parse /home/devel/uclibc-dev/cross-tools.arm/bin/armv7a-unknown-linux-uclibceabi-nm -B output from armv7a-unknown-linux-uclibceabi-gcc  object... ok
checking for sysroot... no
checking for a working dd... /usr/bin/dd
checking how to truncate binary pipes... /usr/bin/dd bs=4096 count=1
checking for armv7a-unknown-linux-uclibceabi-mt... no
checking for mt... mt
checking if mt is a manifest tool... no
checking for ANSI C header files... yes
checking for sys/types.h... yes
checking for sys/stat.h... yes
checking for stdlib.h... yes
checking for string.h... yes
checking for memory.h... yes
checking for strings.h... yes
checking for inttypes.h... yes
checking for stdint.h... yes
checking for unistd.h... yes
checking for dlfcn.h... yes
checking for objdir... .libs
checking if armv7a-unknown-linux-uclibceabi-gcc  supports -fno-rtti -fno-exceptions... no
checking for armv7a-unknown-linux-uclibceabi-gcc  option to produce PIC... -fPIC -DPIC
checking if armv7a-unknown-linux-uclibceabi-gcc  PIC flag -fPIC -DPIC works... yes
checking if armv7a-unknown-linux-uclibceabi-gcc  static flag -static works... yes
checking if armv7a-unknown-linux-uclibceabi-gcc  supports -c -o file.o... yes
checking if armv7a-unknown-linux-uclibceabi-gcc  supports -c -o file.o... (cached) yes
checking whether the armv7a-unknown-linux-uclibceabi-gcc  linker (armv7a-unknown-linux-uclibceabi-ld) supports shared libraries... yes
checking whether -lc should be explicitly linked in... no
checking dynamic linker characteristics... GNU/Linux ld.so
checking how to hardcode library paths into programs... immediate
checking whether stripping libraries is possible... yes
checking if libtool supports shared libraries... yes
checking whether to build shared libraries... yes
checking whether to build static libraries... no
checking how to run the C++ preprocessor... armv7a-unknown-linux-uclibceabi-g++  -E
checking for ld used by armv7a-unknown-linux-uclibceabi-g++ ... armv7a-unknown-linux-uclibceabi-ld
checking if the linker (armv7a-unknown-linux-uclibceabi-ld) is GNU ld... yes
checking whether the armv7a-unknown-linux-uclibceabi-g++  linker (armv7a-unknown-linux-uclibceabi-ld) supports shared libraries... yes
checking for armv7a-unknown-linux-uclibceabi-g++  option to produce PIC... -fPIC -DPIC
checking if armv7a-unknown-linux-uclibceabi-g++  PIC flag -fPIC -DPIC works... yes
checking if armv7a-unknown-linux-uclibceabi-g++  static flag -static works... yes
checking if armv7a-unknown-linux-uclibceabi-g++  supports -c -o file.o... yes
checking if armv7a-unknown-linux-uclibceabi-g++  supports -c -o file.o... (cached) yes
checking whether the armv7a-unknown-linux-uclibceabi-g++  linker (armv7a-unknown-linux-uclibceabi-ld) supports shared libraries... yes
checking dynamic linker characteristics... (cached) GNU/Linux ld.so
checking how to hardcode library paths into programs... immediate
checking for rm... rm -f
checking for bison... bison -y
checking if bison is the parser generator... yes
checking for flex... flex
checking lex output file root... lex.yy
checking lex library... -lfl
checking whether yytext is a pointer... yes
checking if flex is the lexer generator... yes
checking for indent... indent
checking if module mako in python is installed... No module named mako
no
checking if compiling with clang... no
checking whether gcc version is sufficient... yes
checking for __builtin_bswap32... yes
checking for __builtin_bswap64... yes
checking for __builtin_clz... yes
checking for __builtin_clzll... yes
checking for __builtin_ctz... yes
checking for __builtin_expect... yes
checking for __builtin_ffs... yes
checking for __builtin_ffsll... yes
checking for __builtin_popcount... yes
checking for __builtin_popcountll... yes
checking for __builtin_unreachable... yes
checking for __attribute__((const))... yes
checking for __attribute__((flatten))... yes
checking for __attribute__((format))... yes
checking for __attribute__((malloc))... yes
checking for __attribute__((packed))... yes
checking for __attribute__((pure))... yes
checking for __attribute__((unused))... yes
checking for __attribute__((warn_unused_result))... yes
checking for armv7a-unknown-linux-uclibceabi-pkg-config... /home/devel/uclibc-dev/cross-tools.arm/bin/armv7a-unknown-linux-uclibceabi-pkg-config
checking pkg-config is at least version 0.9.0... yes
checking whether armv7a-unknown-linux-uclibceabi-gcc  supports -Werror=missing-prototypes... yes
checking whether armv7a-unknown-linux-uclibceabi-gcc  supports -fvisibility=hidden... yes
checking whether armv7a-unknown-linux-uclibceabi-gcc  supports -Werror=vla... yes
checking whether armv7a-unknown-linux-uclibceabi-g++  supports -fvisibility=hidden... yes
checking if ld supports -Bsymbolic... yes
checking whether ld supports --gc-sections... yes
checking if the linker supports version-scripts... yes
checking if the linker supports --dynamic-list... yes
configure: WARNING: Floating-point textures enabled.
configure: WARNING: Please consult docs/patents.txt with your lawyer before building Mesa.
checking whether to enable assembly... no, platform not supported
checking xlocale.h usability... yes
checking xlocale.h presence... yes
checking for xlocale.h... yes
checking sys/sysctl.h usability... yes
checking sys/sysctl.h presence... yes
checking for sys/sysctl.h... yes
checking for strtof... yes
checking for mkostemp... yes
checking for dlopen... no
checking for dlopen in -ldl... yes
checking for dladdr... yes
checking for clock_gettime... yes
checking for posix_memalign... yes
checking for the pthreads library -lpthreads... no
checking whether pthreads work without any flags... no
checking whether pthreads work with -Kthread... no
checking whether pthreads work with -kthread... no
checking for the pthreads library -llthread... no
checking whether pthreads work with -pthread... yes
checking for joinable pthread attribute... PTHREAD_CREATE_JOINABLE
checking if more special flags are required for pthreads... no
checking for PTHREAD_PRIO_INHERIT... no
checking for LIBDRM... yes
checking for LIBUDEV... yes
checking for GLPROTO... yes
checking for DRI2PROTO... yes
checking for DRI3PROTO... yes
checking for PRESENTPROTO... yes
checking for XF86VIDMODE... yes
checking for DRIGL... yes
checking for EXPAT... yes
checking for INTEL... yes
checking for INTEL... yes
checking for NVVIEUX... yes
checking for RADEON... yes
checking for RADEON... yes
checking for mincore... yes
checking for VL... yes
checking for XVMC... yes
checking for VDPAU... yes
checking for elf_memory in -lelf... no
checking for WAYLAND_SCANNER... no
checking for wayland-scanner... no
checking for XCB_DRI2... yes
Package libomxil-bellagio was not found in the pkg-config search path.
Perhaps you should add the directory containing `libomxil-bellagio.pc'
to the PKG_CONFIG_PATH environment variable
No package 'libomxil-bellagio' found
checking for NOUVEAU... yes
checking for RADEON... yes
Package libva was not found in the pkg-config search path.
Perhaps you should add the directory containing `libva.pc'
to the PKG_CONFIG_PATH environment variable
No package 'libva' found
Package libva was not found in the pkg-config search path.
Perhaps you should add the directory containing `libva.pc'
to the PKG_CONFIG_PATH environment variable
No package 'libva' found
checking that generated files are newer than configure... done
configure: creating ./config.status
config.status: creating Makefile
config.status: creating src/Makefile
config.status: creating src/egl/Makefile
config.status: creating src/egl/main/egl.pc
config.status: creating src/egl/wayland/wayland-drm/Makefile
config.status: creating src/egl/wayland/wayland-egl/Makefile
config.status: creating src/egl/wayland/wayland-egl/wayland-egl.pc
config.status: creating src/gallium/Makefile
config.status: creating src/gallium/auxiliary/Makefile
config.status: creating src/gallium/auxiliary/pipe-loader/Makefile
config.status: creating src/gallium/drivers/freedreno/Makefile
config.status: creating src/gallium/drivers/i915/Makefile
config.status: creating src/gallium/drivers/ilo/Makefile
config.status: creating src/gallium/drivers/llvmpipe/Makefile
config.status: creating src/gallium/drivers/noop/Makefile
config.status: creating src/gallium/drivers/nouveau/Makefile
config.status: creating src/gallium/drivers/r300/Makefile
config.status: creating src/gallium/drivers/r600/Makefile
config.status: creating src/gallium/drivers/radeon/Makefile
config.status: creating src/gallium/drivers/radeonsi/Makefile
config.status: creating src/gallium/drivers/rbug/Makefile
config.status: creating src/gallium/drivers/softpipe/Makefile
config.status: creating src/gallium/drivers/svga/Makefile
config.status: creating src/gallium/drivers/trace/Makefile
config.status: creating src/gallium/drivers/vc4/Makefile
config.status: creating src/gallium/state_trackers/clover/Makefile
config.status: creating src/gallium/state_trackers/dri/Makefile
config.status: creating src/gallium/state_trackers/glx/xlib/Makefile
config.status: creating src/gallium/state_trackers/nine/Makefile
config.status: creating src/gallium/state_trackers/omx/Makefile
config.status: creating src/gallium/state_trackers/osmesa/Makefile
config.status: creating src/gallium/state_trackers/va/Makefile
config.status: creating src/gallium/state_trackers/vdpau/Makefile
config.status: creating src/gallium/state_trackers/xa/Makefile
config.status: creating src/gallium/state_trackers/xvmc/Makefile
config.status: creating src/gallium/targets/d3dadapter9/Makefile
config.status: creating src/gallium/targets/d3dadapter9/d3d.pc
config.status: creating src/gallium/targets/dri/Makefile
config.status: creating src/gallium/targets/libgl-xlib/Makefile
config.status: creating src/gallium/targets/omx/Makefile
config.status: creating src/gallium/targets/opencl/Makefile
config.status: creating src/gallium/targets/opencl/mesa.icd
config.status: creating src/gallium/targets/osmesa/Makefile
config.status: creating src/gallium/targets/osmesa/osmesa.pc
config.status: creating src/gallium/targets/pipe-loader/Makefile
config.status: creating src/gallium/targets/va/Makefile
config.status: creating src/gallium/targets/vdpau/Makefile
config.status: creating src/gallium/targets/xa/Makefile
config.status: creating src/gallium/targets/xa/xatracker.pc
config.status: creating src/gallium/targets/xvmc/Makefile
config.status: creating src/gallium/tests/trivial/Makefile
config.status: creating src/gallium/tests/unit/Makefile
config.status: creating src/gallium/winsys/freedreno/drm/Makefile
config.status: creating src/gallium/winsys/i915/drm/Makefile
config.status: creating src/gallium/winsys/intel/drm/Makefile
config.status: creating src/gallium/winsys/nouveau/drm/Makefile
config.status: creating src/gallium/winsys/radeon/drm/Makefile
config.status: creating src/gallium/winsys/amdgpu/drm/Makefile
config.status: creating src/gallium/winsys/svga/drm/Makefile
config.status: creating src/gallium/winsys/sw/dri/Makefile
config.status: creating src/gallium/winsys/sw/kms-dri/Makefile
config.status: creating src/gallium/winsys/sw/null/Makefile
config.status: creating src/gallium/winsys/sw/wrapper/Makefile
config.status: creating src/gallium/winsys/sw/xlib/Makefile
config.status: creating src/gallium/winsys/vc4/drm/Makefile
config.status: creating src/gbm/Makefile
config.status: creating src/gbm/main/gbm.pc
config.status: creating src/glsl/Makefile
config.status: creating src/glx/Makefile
config.status: creating src/glx/apple/Makefile
config.status: creating src/glx/tests/Makefile
config.status: creating src/gtest/Makefile
config.status: creating src/loader/Makefile
config.status: creating src/mapi/Makefile
config.status: creating src/mapi/es1api/glesv1_cm.pc
config.status: creating src/mapi/es2api/glesv2.pc
config.status: creating src/mapi/glapi/gen/Makefile
config.status: creating src/mesa/Makefile
config.status: creating src/mesa/gl.pc
config.status: creating src/mesa/drivers/dri/dri.pc
config.status: creating src/mesa/drivers/dri/common/Makefile
config.status: creating src/mesa/drivers/dri/common/xmlpool/Makefile
config.status: creating src/mesa/drivers/dri/i915/Makefile
config.status: creating src/mesa/drivers/dri/i965/Makefile
config.status: creating src/mesa/drivers/dri/Makefile
config.status: creating src/mesa/drivers/dri/nouveau/Makefile
config.status: creating src/mesa/drivers/dri/r200/Makefile
config.status: creating src/mesa/drivers/dri/radeon/Makefile
config.status: creating src/mesa/drivers/dri/swrast/Makefile
config.status: creating src/mesa/drivers/osmesa/Makefile
config.status: creating src/mesa/drivers/osmesa/osmesa.pc
config.status: creating src/mesa/drivers/x11/Makefile
config.status: creating src/mesa/main/tests/Makefile
config.status: creating src/util/Makefile
config.status: creating src/util/tests/hash_table/Makefile
config.status: executing depfiles commands
config.status: executing libtool commands

        prefix:          /usr
        exec_prefix:     ${prefix}
        libdir:          ${exec_prefix}/lib
        includedir:      ${prefix}/include

        OpenGL:          yes (ES1: yes ES2: yes)

        OSMesa:          libOSMesa

        DRI platform:    drm
        DRI drivers:     i915 i965 nouveau r200 radeon swrast 
        DRI driver dir:  ${libdir}/dri
        GLX:             DRI-based

        EGL:             yes
        EGL platforms:   drm x11
        EGL drivers:     builtin:egl_dri2

        llvm:            no

        Gallium:         yes

        Shared libs:     yes
        Static libs:     no
        Shared-glapi:    yes

        CFLAGS:          -O2 -Wall -std=c99 -Werror=implicit-function-declaration -Werror=missing-prototypes -fno-strict-aliasing -fno-math-errno -fno-trapping-math -fno-builtin-memcmp
        CXXFLAGS:        -O2 -Wall -fno-strict-aliasing -fno-builtin-memcmp
        Macros:          -D__STDC_LIMIT_MACROS -D_GNU_SOURCE -DNDEBUG -DTEXTURE_FLOAT_ENABLED -DHAVE_XLOCALE_H -DHAVE_SYS_SYSCTL_H -DHAVE_STRTOF -DHAVE_MKOSTEMP -DHAVE_DLOPEN -DHAVE_POSIX_MEMALIGN -DHAVE_LIBDRM -DGLX_USE_DRM -DHAVE_LIBUDEV -DGLX_INDIRECT_RENDERING -DGLX_DIRECT_RENDERING -DGLX_USE_TLS -DHAVE_ALIAS -DHAVE_DRI3 -DHAVE_MINCORE

        PYTHON2:         python2

        Run 'make' to build Mesa

